2023-06-14 18:25:27,869 DEBUG    root            Loaded Command Group: ['gcloud', 'components']
2023-06-14 18:25:27,873 DEBUG    root            Loaded Command Group: ['gcloud', 'components', 'update']
2023-06-14 18:25:27,877 DEBUG    root            Running [gcloud.components.update] with arguments: [--allow-no-backup: "True", --compile-python: "True", --quiet: "True", COMPONENT-IDS:7: "['core', 'gcloud-deps', 'bq', 'gcloud', 'gcloud-crc32c', 'gsutil', 'anthoscli']"]
2023-06-14 18:25:27,877 INFO     ___FILE_ONLY___ Beginning update. This process may take several minutes.

2023-06-14 18:25:39,904 DEBUG    urllib3.connectionpool Starting new HTTPS connection (1): dl.google.com:443
2023-06-14 18:25:39,978 DEBUG    urllib3.connectionpool https://dl.google.com:443 "GET /dl/cloudsdk/channels/rapid/components-2.json HTTP/1.1" 200 208275
2023-06-14 18:25:39,999 INFO     ___FILE_ONLY___ 

2023-06-14 18:25:39,999 INFO     ___FILE_ONLY___ 
Your current Google Cloud CLI version is: 435.0.0

2023-06-14 18:25:39,999 INFO     ___FILE_ONLY___ Installing components from version: 435.0.0

2023-06-14 18:25:39,999 INFO     ___FILE_ONLY___ 

2023-06-14 18:25:40,000 DEBUG    root            Chosen display Format:table[box,title="These components will be removed."](details.display_name:label=Name:align=left,version.version_string:label=Version:align=right,data.size.size(zero="",min=1048576):label=Size:align=right)
2023-06-14 18:25:40,001 DEBUG    root            Chosen display Format:table[box,title="These components will be updated."](details.display_name:label=Name:align=left,version.version_string:label=Version:align=right,data.size.size(zero="",min=1048576):label=Size:align=right)
2023-06-14 18:25:40,001 DEBUG    root            Chosen display Format:table[box,title="These components will be installed."](details.display_name:label=Name:align=left,version.version_string:label=Version:align=right,data.size.size(zero="",min=1048576):label=Size:align=right)
2023-06-14 18:25:40,010 INFO     ___FILE_ONLY___ ┌─────────────────────────────────────────────────────────────────────────────┐
2023-06-14 18:25:40,010 INFO     ___FILE_ONLY___ 

2023-06-14 18:25:40,010 INFO     ___FILE_ONLY___ │                     These components will be installed.                     │
2023-06-14 18:25:40,010 INFO     ___FILE_ONLY___ 

2023-06-14 18:25:40,010 INFO     ___FILE_ONLY___ ├─────────────────────────────────────────────────────┬────────────┬──────────┤
2023-06-14 18:25:40,011 INFO     ___FILE_ONLY___ 

2023-06-14 18:25:40,011 INFO     ___FILE_ONLY___ │                         Name                        │  Version   │   Size   │
2023-06-14 18:25:40,011 INFO     ___FILE_ONLY___ 

2023-06-14 18:25:40,011 INFO     ___FILE_ONLY___ ├─────────────────────────────────────────────────────┼────────────┼──────────┤
2023-06-14 18:25:40,011 INFO     ___FILE_ONLY___ 

2023-06-14 18:25:40,011 INFO     ___FILE_ONLY___ │ 
2023-06-14 18:25:40,011 INFO     ___FILE_ONLY___ BigQuery Command Line Tool                         
2023-06-14 18:25:40,011 INFO     ___FILE_ONLY___  
2023-06-14 18:25:40,012 INFO     ___FILE_ONLY___ │ 
2023-06-14 18:25:40,012 INFO     ___FILE_ONLY___     2.0.93
2023-06-14 18:25:40,012 INFO     ___FILE_ONLY___  
2023-06-14 18:25:40,012 INFO     ___FILE_ONLY___ │ 
2023-06-14 18:25:40,012 INFO     ___FILE_ONLY___  1.6 MiB
2023-06-14 18:25:40,012 INFO     ___FILE_ONLY___  
2023-06-14 18:25:40,012 INFO     ___FILE_ONLY___ │
2023-06-14 18:25:40,012 INFO     ___FILE_ONLY___ 

2023-06-14 18:25:40,012 INFO     ___FILE_ONLY___ │ 
2023-06-14 18:25:40,013 INFO     ___FILE_ONLY___ BigQuery Command Line Tool (Platform Specific)     
2023-06-14 18:25:40,013 INFO     ___FILE_ONLY___  
2023-06-14 18:25:40,013 INFO     ___FILE_ONLY___ │ 
2023-06-14 18:25:40,013 INFO     ___FILE_ONLY___     2.0.77
2023-06-14 18:25:40,013 INFO     ___FILE_ONLY___  
2023-06-14 18:25:40,013 INFO     ___FILE_ONLY___ │ 
2023-06-14 18:25:40,013 INFO     ___FILE_ONLY___  < 1 MiB
2023-06-14 18:25:40,013 INFO     ___FILE_ONLY___  
2023-06-14 18:25:40,013 INFO     ___FILE_ONLY___ │
2023-06-14 18:25:40,014 INFO     ___FILE_ONLY___ 

2023-06-14 18:25:40,014 INFO     ___FILE_ONLY___ │ 
2023-06-14 18:25:40,014 INFO     ___FILE_ONLY___ Bundled Python 3.9                                 
2023-06-14 18:25:40,014 INFO     ___FILE_ONLY___  
2023-06-14 18:25:40,014 INFO     ___FILE_ONLY___ │ 
2023-06-14 18:25:40,014 INFO     ___FILE_ONLY___     3.9.16
2023-06-14 18:25:40,014 INFO     ___FILE_ONLY___  
2023-06-14 18:25:40,014 INFO     ___FILE_ONLY___ │ 
2023-06-14 18:25:40,015 INFO     ___FILE_ONLY___ 63.5 MiB
2023-06-14 18:25:40,015 INFO     ___FILE_ONLY___  
2023-06-14 18:25:40,015 INFO     ___FILE_ONLY___ │
2023-06-14 18:25:40,015 INFO     ___FILE_ONLY___ 

2023-06-14 18:25:40,015 INFO     ___FILE_ONLY___ │ 
2023-06-14 18:25:40,015 INFO     ___FILE_ONLY___ Cloud Storage Command Line Tool                    
2023-06-14 18:25:40,015 INFO     ___FILE_ONLY___  
2023-06-14 18:25:40,015 INFO     ___FILE_ONLY___ │ 
2023-06-14 18:25:40,015 INFO     ___FILE_ONLY___       5.24
2023-06-14 18:25:40,016 INFO     ___FILE_ONLY___  
2023-06-14 18:25:40,016 INFO     ___FILE_ONLY___ │ 
2023-06-14 18:25:40,016 INFO     ___FILE_ONLY___ 11.3 MiB
2023-06-14 18:25:40,016 INFO     ___FILE_ONLY___  
2023-06-14 18:25:40,016 INFO     ___FILE_ONLY___ │
2023-06-14 18:25:40,016 INFO     ___FILE_ONLY___ 

2023-06-14 18:25:40,016 INFO     ___FILE_ONLY___ │ 
2023-06-14 18:25:40,016 INFO     ___FILE_ONLY___ Cloud Storage Command Line Tool (Platform Specific)
2023-06-14 18:25:40,017 INFO     ___FILE_ONLY___  
2023-06-14 18:25:40,017 INFO     ___FILE_ONLY___ │ 
2023-06-14 18:25:40,017 INFO     ___FILE_ONLY___       5.13
2023-06-14 18:25:40,017 INFO     ___FILE_ONLY___  
2023-06-14 18:25:40,017 INFO     ___FILE_ONLY___ │ 
2023-06-14 18:25:40,017 INFO     ___FILE_ONLY___  < 1 MiB
2023-06-14 18:25:40,017 INFO     ___FILE_ONLY___  
2023-06-14 18:25:40,017 INFO     ___FILE_ONLY___ │
2023-06-14 18:25:40,017 INFO     ___FILE_ONLY___ 

2023-06-14 18:25:40,018 INFO     ___FILE_ONLY___ │ 
2023-06-14 18:25:40,018 INFO     ___FILE_ONLY___ Google Cloud CLI Core Libraries (Platform Specific)
2023-06-14 18:25:40,018 INFO     ___FILE_ONLY___  
2023-06-14 18:25:40,018 INFO     ___FILE_ONLY___ │ 
2023-06-14 18:25:40,018 INFO     ___FILE_ONLY___ 2022.09.20
2023-06-14 18:25:40,018 INFO     ___FILE_ONLY___  
2023-06-14 18:25:40,018 INFO     ___FILE_ONLY___ │ 
2023-06-14 18:25:40,018 INFO     ___FILE_ONLY___  < 1 MiB
2023-06-14 18:25:40,018 INFO     ___FILE_ONLY___  
2023-06-14 18:25:40,019 INFO     ___FILE_ONLY___ │
2023-06-14 18:25:40,019 INFO     ___FILE_ONLY___ 

2023-06-14 18:25:40,019 INFO     ___FILE_ONLY___ │ 
2023-06-14 18:25:40,019 INFO     ___FILE_ONLY___ Google Cloud CRC32C Hash Tool                      
2023-06-14 18:25:40,019 INFO     ___FILE_ONLY___  
2023-06-14 18:25:40,019 INFO     ___FILE_ONLY___ │ 
2023-06-14 18:25:40,019 INFO     ___FILE_ONLY___      1.0.0
2023-06-14 18:25:40,019 INFO     ___FILE_ONLY___  
2023-06-14 18:25:40,020 INFO     ___FILE_ONLY___ │ 
2023-06-14 18:25:40,020 INFO     ___FILE_ONLY___  1.2 MiB
2023-06-14 18:25:40,020 INFO     ___FILE_ONLY___  
2023-06-14 18:25:40,020 INFO     ___FILE_ONLY___ │
2023-06-14 18:25:40,020 INFO     ___FILE_ONLY___ 

2023-06-14 18:25:40,020 INFO     ___FILE_ONLY___ │ 
2023-06-14 18:25:40,020 INFO     ___FILE_ONLY___ anthoscli                                          
2023-06-14 18:25:40,020 INFO     ___FILE_ONLY___  
2023-06-14 18:25:40,021 INFO     ___FILE_ONLY___ │ 
2023-06-14 18:25:40,021 INFO     ___FILE_ONLY___     0.2.36
2023-06-14 18:25:40,021 INFO     ___FILE_ONLY___  
2023-06-14 18:25:40,021 INFO     ___FILE_ONLY___ │ 
2023-06-14 18:25:40,021 INFO     ___FILE_ONLY___ 68.4 MiB
2023-06-14 18:25:40,021 INFO     ___FILE_ONLY___  
2023-06-14 18:25:40,021 INFO     ___FILE_ONLY___ │
2023-06-14 18:25:40,021 INFO     ___FILE_ONLY___ 

2023-06-14 18:25:40,021 INFO     ___FILE_ONLY___ │ 
2023-06-14 18:25:40,022 INFO     ___FILE_ONLY___ gcloud cli dependencies                            
2023-06-14 18:25:40,022 INFO     ___FILE_ONLY___  
2023-06-14 18:25:40,022 INFO     ___FILE_ONLY___ │ 
2023-06-14 18:25:40,022 INFO     ___FILE_ONLY___ 2021.04.16
2023-06-14 18:25:40,022 INFO     ___FILE_ONLY___  
2023-06-14 18:25:40,022 INFO     ___FILE_ONLY___ │ 
2023-06-14 18:25:40,022 INFO     ___FILE_ONLY___  < 1 MiB
2023-06-14 18:25:40,022 INFO     ___FILE_ONLY___  
2023-06-14 18:25:40,022 INFO     ___FILE_ONLY___ │
2023-06-14 18:25:40,023 INFO     ___FILE_ONLY___ 

2023-06-14 18:25:40,023 INFO     ___FILE_ONLY___ └─────────────────────────────────────────────────────┴────────────┴──────────┘
2023-06-14 18:25:40,023 INFO     ___FILE_ONLY___ 

2023-06-14 18:25:40,023 INFO     ___FILE_ONLY___ 

2023-06-14 18:25:40,025 DEBUG    urllib3.connectionpool Starting new HTTPS connection (1): dl.google.com:443
2023-06-14 18:25:40,374 DEBUG    urllib3.connectionpool https://dl.google.com:443 "GET /dl/cloudsdk/channels/rapid/RELEASE_NOTES HTTP/1.1" 200 1016451
2023-06-14 18:25:40,694 INFO     ___FILE_ONLY___ For the latest full release notes, please visit:
  https://cloud.google.com/sdk/release_notes


2023-06-14 18:25:40,697 INFO     ___FILE_ONLY___ ╔════════════════════════════════════════════════════════════╗

2023-06-14 18:25:40,697 INFO     ___FILE_ONLY___ ╠═ Creating update staging area                             ═╣

2023-06-14 18:25:40,697 INFO     ___FILE_ONLY___ ╚
2023-06-14 18:25:40,697 INFO     ___FILE_ONLY___ ══════
2023-06-14 18:25:40,697 INFO     ___FILE_ONLY___ ══════
2023-06-14 18:25:40,697 INFO     ___FILE_ONLY___ ══════
2023-06-14 18:25:40,915 INFO     ___FILE_ONLY___ ═
2023-06-14 18:25:40,965 INFO     ___FILE_ONLY___ ═
2023-06-14 18:25:41,031 INFO     ___FILE_ONLY___ ═
2023-06-14 18:25:41,081 INFO     ___FILE_ONLY___ ═
2023-06-14 18:25:41,136 INFO     ___FILE_ONLY___ ═
2023-06-14 18:25:41,184 INFO     ___FILE_ONLY___ ═
2023-06-14 18:25:41,241 INFO     ___FILE_ONLY___ ═
2023-06-14 18:25:41,298 INFO     ___FILE_ONLY___ ═
2023-06-14 18:25:41,341 INFO     ___FILE_ONLY___ ═
2023-06-14 18:25:41,412 INFO     ___FILE_ONLY___ ═
2023-06-14 18:25:41,465 INFO     ___FILE_ONLY___ ═
2023-06-14 18:25:41,525 INFO     ___FILE_ONLY___ ═
2023-06-14 18:25:41,570 INFO     ___FILE_ONLY___ ═
2023-06-14 18:25:41,630 INFO     ___FILE_ONLY___ ═
2023-06-14 18:25:41,694 INFO     ___FILE_ONLY___ ═
2023-06-14 18:25:41,746 INFO     ___FILE_ONLY___ ═
2023-06-14 18:25:41,919 INFO     ___FILE_ONLY___ ═
2023-06-14 18:25:41,985 INFO     ___FILE_ONLY___ ═
2023-06-14 18:25:42,052 INFO     ___FILE_ONLY___ ═
2023-06-14 18:25:42,111 INFO     ___FILE_ONLY___ ═
2023-06-14 18:25:42,171 INFO     ___FILE_ONLY___ ═
2023-06-14 18:25:42,243 INFO     ___FILE_ONLY___ ═
2023-06-14 18:25:42,316 INFO     ___FILE_ONLY___ ═
2023-06-14 18:25:42,379 INFO     ___FILE_ONLY___ ═
2023-06-14 18:25:42,435 INFO     ___FILE_ONLY___ ═
2023-06-14 18:25:42,495 INFO     ___FILE_ONLY___ ═
2023-06-14 18:25:42,556 INFO     ___FILE_ONLY___ ═
2023-06-14 18:25:42,612 INFO     ___FILE_ONLY___ ═
2023-06-14 18:25:42,672 INFO     ___FILE_ONLY___ ═
2023-06-14 18:25:42,731 INFO     ___FILE_ONLY___ ═
2023-06-14 18:25:42,789 INFO     ___FILE_ONLY___ ═
2023-06-14 18:25:42,860 INFO     ___FILE_ONLY___ ═
2023-06-14 18:25:43,047 INFO     ___FILE_ONLY___ ═
2023-06-14 18:25:43,165 INFO     ___FILE_ONLY___ ═
2023-06-14 18:25:43,203 INFO     ___FILE_ONLY___ ═
2023-06-14 18:25:43,233 INFO     ___FILE_ONLY___ ═
2023-06-14 18:25:43,263 INFO     ___FILE_ONLY___ ═
2023-06-14 18:25:43,292 INFO     ___FILE_ONLY___ ═
2023-06-14 18:25:43,329 INFO     ___FILE_ONLY___ ═
2023-06-14 18:25:43,363 INFO     ___FILE_ONLY___ ═
2023-06-14 18:25:43,442 INFO     ___FILE_ONLY___ ═
2023-06-14 18:25:43,557 INFO     ___FILE_ONLY___ ═
2023-06-14 18:25:43,557 INFO     ___FILE_ONLY___ ╝

2023-06-14 18:25:43,781 INFO     ___FILE_ONLY___ ╔════════════════════════════════════════════════════════════╗

2023-06-14 18:25:43,782 INFO     ___FILE_ONLY___ ╠═ Installing: BigQuery Command Line Tool                   ═╣

2023-06-14 18:25:43,782 INFO     ___FILE_ONLY___ ╚
2023-06-14 18:25:43,784 DEBUG    urllib3.connectionpool Starting new HTTPS connection (1): dl.google.com:443
2023-06-14 18:25:43,856 DEBUG    urllib3.connectionpool https://dl.google.com:443 "GET /dl/cloudsdk/channels/rapid/components/google-cloud-sdk-bq-20230519173220.tar.gz HTTP/1.1" 200 1681057
2023-06-14 18:25:44,166 INFO     ___FILE_ONLY___ ═
2023-06-14 18:25:44,166 INFO     ___FILE_ONLY___ ═
2023-06-14 18:25:44,166 INFO     ___FILE_ONLY___ ═
2023-06-14 18:25:44,167 INFO     ___FILE_ONLY___ ═
2023-06-14 18:25:44,167 INFO     ___FILE_ONLY___ ═
2023-06-14 18:25:44,167 INFO     ___FILE_ONLY___ ═
2023-06-14 18:25:44,167 INFO     ___FILE_ONLY___ ═
2023-06-14 18:25:44,167 INFO     ___FILE_ONLY___ ═
2023-06-14 18:25:44,167 INFO     ___FILE_ONLY___ ═
2023-06-14 18:25:44,167 INFO     ___FILE_ONLY___ ═
2023-06-14 18:25:44,168 INFO     ___FILE_ONLY___ ═
2023-06-14 18:25:44,168 INFO     ___FILE_ONLY___ ═
2023-06-14 18:25:44,168 INFO     ___FILE_ONLY___ ═
2023-06-14 18:25:44,168 INFO     ___FILE_ONLY___ ═
2023-06-14 18:25:44,168 INFO     ___FILE_ONLY___ ═
2023-06-14 18:25:44,168 INFO     ___FILE_ONLY___ ═
2023-06-14 18:25:44,169 INFO     ___FILE_ONLY___ ═
2023-06-14 18:25:44,169 INFO     ___FILE_ONLY___ ═
2023-06-14 18:25:44,169 INFO     ___FILE_ONLY___ ═
2023-06-14 18:25:44,169 INFO     ___FILE_ONLY___ ═
2023-06-14 18:25:44,169 INFO     ___FILE_ONLY___ ═
2023-06-14 18:25:44,169 INFO     ___FILE_ONLY___ ═
2023-06-14 18:25:44,169 INFO     ___FILE_ONLY___ ═
2023-06-14 18:25:44,170 INFO     ___FILE_ONLY___ ═
2023-06-14 18:25:44,170 INFO     ___FILE_ONLY___ ═
2023-06-14 18:25:44,170 INFO     ___FILE_ONLY___ ═
2023-06-14 18:25:44,170 INFO     ___FILE_ONLY___ ═
2023-06-14 18:25:44,170 INFO     ___FILE_ONLY___ ═
2023-06-14 18:25:44,171 INFO     ___FILE_ONLY___ ═
2023-06-14 18:25:44,171 INFO     ___FILE_ONLY___ ═
2023-06-14 18:25:44,314 INFO     ___FILE_ONLY___ ═
2023-06-14 18:25:44,319 INFO     ___FILE_ONLY___ ═
2023-06-14 18:25:44,325 INFO     ___FILE_ONLY___ ═
2023-06-14 18:25:44,329 INFO     ___FILE_ONLY___ ═
2023-06-14 18:25:44,334 INFO     ___FILE_ONLY___ ═
2023-06-14 18:25:44,338 INFO     ___FILE_ONLY___ ═
2023-06-14 18:25:44,343 INFO     ___FILE_ONLY___ ═
2023-06-14 18:25:44,347 INFO     ___FILE_ONLY___ ═
2023-06-14 18:25:44,351 INFO     ___FILE_ONLY___ ═
2023-06-14 18:25:44,355 INFO     ___FILE_ONLY___ ═
2023-06-14 18:25:44,361 INFO     ___FILE_ONLY___ ═
2023-06-14 18:25:44,365 INFO     ___FILE_ONLY___ ═
2023-06-14 18:25:44,369 INFO     ___FILE_ONLY___ ═
2023-06-14 18:25:44,374 INFO     ___FILE_ONLY___ ═
2023-06-14 18:25:44,380 INFO     ___FILE_ONLY___ ═
2023-06-14 18:25:44,384 INFO     ___FILE_ONLY___ ═
2023-06-14 18:25:44,388 INFO     ___FILE_ONLY___ ═
2023-06-14 18:25:44,392 INFO     ___FILE_ONLY___ ═
2023-06-14 18:25:44,396 INFO     ___FILE_ONLY___ ═
2023-06-14 18:25:44,400 INFO     ___FILE_ONLY___ ═
2023-06-14 18:25:44,404 INFO     ___FILE_ONLY___ ═
2023-06-14 18:25:44,409 INFO     ___FILE_ONLY___ ═
2023-06-14 18:25:44,413 INFO     ___FILE_ONLY___ ═
2023-06-14 18:25:44,417 INFO     ___FILE_ONLY___ ═
2023-06-14 18:25:44,422 INFO     ___FILE_ONLY___ ═
2023-06-14 18:25:44,429 INFO     ___FILE_ONLY___ ═
2023-06-14 18:25:44,433 INFO     ___FILE_ONLY___ ═
2023-06-14 18:25:44,437 INFO     ___FILE_ONLY___ ═
2023-06-14 18:25:44,441 INFO     ___FILE_ONLY___ ═
2023-06-14 18:25:44,445 INFO     ___FILE_ONLY___ ═
2023-06-14 18:25:44,445 INFO     ___FILE_ONLY___ ╝

2023-06-14 18:25:44,464 INFO     ___FILE_ONLY___ ╔════════════════════════════════════════════════════════════╗

2023-06-14 18:25:44,464 INFO     ___FILE_ONLY___ ╠═ Installing: BigQuery Command Line Tool (Platform Spec... ═╣

2023-06-14 18:25:44,464 INFO     ___FILE_ONLY___ ╚
2023-06-14 18:25:44,467 DEBUG    urllib3.connectionpool Starting new HTTPS connection (1): dl.google.com:443
2023-06-14 18:25:44,537 DEBUG    urllib3.connectionpool https://dl.google.com:443 "GET /dl/cloudsdk/channels/rapid/components/google-cloud-sdk-bq-nix-20220920185015.tar.gz HTTP/1.1" 200 1837
2023-06-14 18:25:44,538 INFO     ___FILE_ONLY___ ══════════════════════════════
2023-06-14 18:25:44,539 INFO     ___FILE_ONLY___ ══════════════════════════════
2023-06-14 18:25:44,539 INFO     ___FILE_ONLY___ ╝

2023-06-14 18:25:44,548 INFO     ___FILE_ONLY___ ╔════════════════════════════════════════════════════════════╗

2023-06-14 18:25:44,549 INFO     ___FILE_ONLY___ ╠═ Installing: Bundled Python 3.9                           ═╣

2023-06-14 18:25:44,549 INFO     ___FILE_ONLY___ ╚
2023-06-14 18:25:44,551 DEBUG    urllib3.connectionpool Starting new HTTPS connection (1): dl.google.com:443
2023-06-14 18:25:44,627 DEBUG    urllib3.connectionpool https://dl.google.com:443 "GET /dl/cloudsdk/channels/rapid/components/google-cloud-sdk-bundled-python3-unix-linux-x86_64-20230428152336.tar.gz HTTP/1.1" 200 66615539
2023-06-14 18:25:46,041 INFO     ___FILE_ONLY___ ═
2023-06-14 18:25:46,044 INFO     ___FILE_ONLY___ ═
2023-06-14 18:25:46,047 INFO     ___FILE_ONLY___ ═
2023-06-14 18:25:46,050 INFO     ___FILE_ONLY___ ═
2023-06-14 18:25:46,053 INFO     ___FILE_ONLY___ ═
2023-06-14 18:25:46,057 INFO     ___FILE_ONLY___ ═
2023-06-14 18:25:46,060 INFO     ___FILE_ONLY___ ═
2023-06-14 18:25:46,063 INFO     ___FILE_ONLY___ ═
2023-06-14 18:25:46,066 INFO     ___FILE_ONLY___ ═
2023-06-14 18:25:46,069 INFO     ___FILE_ONLY___ ═
2023-06-14 18:25:46,072 INFO     ___FILE_ONLY___ ═
2023-06-14 18:25:46,075 INFO     ___FILE_ONLY___ ═
2023-06-14 18:25:46,078 INFO     ___FILE_ONLY___ ═
2023-06-14 18:25:46,081 INFO     ___FILE_ONLY___ ═
2023-06-14 18:25:46,084 INFO     ___FILE_ONLY___ ═
2023-06-14 18:25:46,088 INFO     ___FILE_ONLY___ ═
2023-06-14 18:25:46,091 INFO     ___FILE_ONLY___ ═
2023-06-14 18:25:46,094 INFO     ___FILE_ONLY___ ═
2023-06-14 18:25:46,097 INFO     ___FILE_ONLY___ ═
2023-06-14 18:25:46,100 INFO     ___FILE_ONLY___ ═
2023-06-14 18:25:46,103 INFO     ___FILE_ONLY___ ═
2023-06-14 18:25:46,106 INFO     ___FILE_ONLY___ ═
2023-06-14 18:25:46,109 INFO     ___FILE_ONLY___ ═
2023-06-14 18:25:46,112 INFO     ___FILE_ONLY___ ═
2023-06-14 18:25:46,116 INFO     ___FILE_ONLY___ ═
2023-06-14 18:25:46,119 INFO     ___FILE_ONLY___ ═
2023-06-14 18:25:46,122 INFO     ___FILE_ONLY___ ═
2023-06-14 18:25:46,125 INFO     ___FILE_ONLY___ ═
2023-06-14 18:25:46,128 INFO     ___FILE_ONLY___ ═
2023-06-14 18:25:46,131 INFO     ___FILE_ONLY___ ═
2023-06-14 18:25:48,177 INFO     ___FILE_ONLY___ ═
2023-06-14 18:25:48,191 INFO     ___FILE_ONLY___ ═
2023-06-14 18:25:48,207 INFO     ___FILE_ONLY___ ═
2023-06-14 18:25:48,221 INFO     ___FILE_ONLY___ ═
2023-06-14 18:25:48,236 INFO     ___FILE_ONLY___ ═
2023-06-14 18:25:48,254 INFO     ___FILE_ONLY___ ═
2023-06-14 18:25:48,273 INFO     ___FILE_ONLY___ ═
2023-06-14 18:25:48,296 INFO     ___FILE_ONLY___ ═
2023-06-14 18:25:48,315 INFO     ___FILE_ONLY___ ═
2023-06-14 18:25:48,329 INFO     ___FILE_ONLY___ ═
2023-06-14 18:25:48,350 INFO     ___FILE_ONLY___ ═
2023-06-14 18:25:48,371 INFO     ___FILE_ONLY___ ═
2023-06-14 18:25:48,500 INFO     ___FILE_ONLY___ ═
2023-06-14 18:25:48,514 INFO     ___FILE_ONLY___ ═
2023-06-14 18:25:48,619 INFO     ___FILE_ONLY___ ═
2023-06-14 18:25:48,632 INFO     ___FILE_ONLY___ ═
2023-06-14 18:25:48,657 INFO     ___FILE_ONLY___ ═
2023-06-14 18:25:48,678 INFO     ___FILE_ONLY___ ═
2023-06-14 18:25:48,699 INFO     ___FILE_ONLY___ ═
2023-06-14 18:25:48,737 INFO     ___FILE_ONLY___ ═
2023-06-14 18:25:48,753 INFO     ___FILE_ONLY___ ═
2023-06-14 18:25:48,768 INFO     ___FILE_ONLY___ ═
2023-06-14 18:25:48,784 INFO     ___FILE_ONLY___ ═
2023-06-14 18:25:48,803 INFO     ___FILE_ONLY___ ═
2023-06-14 18:25:48,824 INFO     ___FILE_ONLY___ ═
2023-06-14 18:25:48,843 INFO     ___FILE_ONLY___ ═
2023-06-14 18:25:49,503 INFO     ___FILE_ONLY___ ═
2023-06-14 18:25:49,811 INFO     ___FILE_ONLY___ ═
2023-06-14 18:25:49,824 INFO     ___FILE_ONLY___ ═
2023-06-14 18:25:49,837 INFO     ___FILE_ONLY___ ═
2023-06-14 18:25:49,837 INFO     ___FILE_ONLY___ ╝

2023-06-14 18:25:49,902 INFO     ___FILE_ONLY___ ╔════════════════════════════════════════════════════════════╗

2023-06-14 18:25:49,902 INFO     ___FILE_ONLY___ ╠═ Installing: Bundled Python 3.9                           ═╣

2023-06-14 18:25:49,902 INFO     ___FILE_ONLY___ ╚
2023-06-14 18:25:49,907 INFO     ___FILE_ONLY___ ════════════════════════════════════════════════════════════
2023-06-14 18:25:49,908 INFO     ___FILE_ONLY___ ╝

2023-06-14 18:25:49,910 INFO     ___FILE_ONLY___ ╔════════════════════════════════════════════════════════════╗

2023-06-14 18:25:49,910 INFO     ___FILE_ONLY___ ╠═ Installing: Cloud Storage Command Line Tool              ═╣

2023-06-14 18:25:49,910 INFO     ___FILE_ONLY___ ╚
2023-06-14 18:25:49,912 DEBUG    urllib3.connectionpool Starting new HTTPS connection (1): dl.google.com:443
2023-06-14 18:25:49,993 DEBUG    urllib3.connectionpool https://dl.google.com:443 "GET /dl/cloudsdk/channels/rapid/components/google-cloud-sdk-gsutil-20230526134617.tar.gz HTTP/1.1" 200 11815391
2023-06-14 18:25:50,534 INFO     ___FILE_ONLY___ ═
2023-06-14 18:25:50,535 INFO     ___FILE_ONLY___ ═
2023-06-14 18:25:50,535 INFO     ___FILE_ONLY___ ═
2023-06-14 18:25:50,536 INFO     ___FILE_ONLY___ ═
2023-06-14 18:25:50,537 INFO     ___FILE_ONLY___ ═
2023-06-14 18:25:50,537 INFO     ___FILE_ONLY___ ═
2023-06-14 18:25:50,538 INFO     ___FILE_ONLY___ ═
2023-06-14 18:25:50,539 INFO     ___FILE_ONLY___ ═
2023-06-14 18:25:50,539 INFO     ___FILE_ONLY___ ═
2023-06-14 18:25:50,540 INFO     ___FILE_ONLY___ ═
2023-06-14 18:25:50,541 INFO     ___FILE_ONLY___ ═
2023-06-14 18:25:50,541 INFO     ___FILE_ONLY___ ═
2023-06-14 18:25:50,542 INFO     ___FILE_ONLY___ ═
2023-06-14 18:25:50,542 INFO     ___FILE_ONLY___ ═
2023-06-14 18:25:50,543 INFO     ___FILE_ONLY___ ═
2023-06-14 18:25:50,544 INFO     ___FILE_ONLY___ ═
2023-06-14 18:25:50,544 INFO     ___FILE_ONLY___ ═
2023-06-14 18:25:50,545 INFO     ___FILE_ONLY___ ═
2023-06-14 18:25:50,546 INFO     ___FILE_ONLY___ ═
2023-06-14 18:25:50,546 INFO     ___FILE_ONLY___ ═
2023-06-14 18:25:50,547 INFO     ___FILE_ONLY___ ═
2023-06-14 18:25:50,548 INFO     ___FILE_ONLY___ ═
2023-06-14 18:25:50,548 INFO     ___FILE_ONLY___ ═
2023-06-14 18:25:50,549 INFO     ___FILE_ONLY___ ═
2023-06-14 18:25:50,550 INFO     ___FILE_ONLY___ ═
2023-06-14 18:25:50,550 INFO     ___FILE_ONLY___ ═
2023-06-14 18:25:50,551 INFO     ___FILE_ONLY___ ═
2023-06-14 18:25:50,552 INFO     ___FILE_ONLY___ ═
2023-06-14 18:25:50,552 INFO     ___FILE_ONLY___ ═
2023-06-14 18:25:50,553 INFO     ___FILE_ONLY___ ═
2023-06-14 18:25:51,361 INFO     ___FILE_ONLY___ ═
2023-06-14 18:25:51,388 INFO     ___FILE_ONLY___ ═
2023-06-14 18:25:51,442 INFO     ___FILE_ONLY___ ═
2023-06-14 18:25:51,469 INFO     ___FILE_ONLY___ ═
2023-06-14 18:25:51,494 INFO     ___FILE_ONLY___ ═
2023-06-14 18:25:51,520 INFO     ___FILE_ONLY___ ═
2023-06-14 18:25:51,556 INFO     ___FILE_ONLY___ ═
2023-06-14 18:25:51,593 INFO     ___FILE_ONLY___ ═
2023-06-14 18:25:51,628 INFO     ___FILE_ONLY___ ═
2023-06-14 18:25:51,653 INFO     ___FILE_ONLY___ ═
2023-06-14 18:25:51,677 INFO     ___FILE_ONLY___ ═
2023-06-14 18:25:51,709 INFO     ___FILE_ONLY___ ═
2023-06-14 18:25:51,732 INFO     ___FILE_ONLY___ ═
2023-06-14 18:25:51,758 INFO     ___FILE_ONLY___ ═
2023-06-14 18:25:51,781 INFO     ___FILE_ONLY___ ═
2023-06-14 18:25:51,804 INFO     ___FILE_ONLY___ ═
2023-06-14 18:25:51,829 INFO     ___FILE_ONLY___ ═
2023-06-14 18:25:51,853 INFO     ___FILE_ONLY___ ═
2023-06-14 18:25:51,876 INFO     ___FILE_ONLY___ ═
2023-06-14 18:25:51,912 INFO     ___FILE_ONLY___ ═
2023-06-14 18:25:51,943 INFO     ___FILE_ONLY___ ═
2023-06-14 18:25:51,972 INFO     ___FILE_ONLY___ ═
2023-06-14 18:25:52,002 INFO     ___FILE_ONLY___ ═
2023-06-14 18:25:52,031 INFO     ___FILE_ONLY___ ═
2023-06-14 18:25:52,057 INFO     ___FILE_ONLY___ ═
2023-06-14 18:25:52,090 INFO     ___FILE_ONLY___ ═
2023-06-14 18:25:52,113 INFO     ___FILE_ONLY___ ═
2023-06-14 18:25:52,135 INFO     ___FILE_ONLY___ ═
2023-06-14 18:25:52,159 INFO     ___FILE_ONLY___ ═
2023-06-14 18:25:52,200 INFO     ___FILE_ONLY___ ═
2023-06-14 18:25:52,200 INFO     ___FILE_ONLY___ ╝

2023-06-14 18:25:52,279 INFO     ___FILE_ONLY___ ╔════════════════════════════════════════════════════════════╗

2023-06-14 18:25:52,279 INFO     ___FILE_ONLY___ ╠═ Installing: Cloud Storage Command Line Tool (Platform... ═╣

2023-06-14 18:25:52,279 INFO     ___FILE_ONLY___ ╚
2023-06-14 18:25:52,282 DEBUG    urllib3.connectionpool Starting new HTTPS connection (1): dl.google.com:443
2023-06-14 18:25:52,630 DEBUG    urllib3.connectionpool https://dl.google.com:443 "GET /dl/cloudsdk/channels/rapid/components/google-cloud-sdk-gsutil-nix-20220920185015.tar.gz HTTP/1.1" 200 1851
2023-06-14 18:25:52,631 INFO     ___FILE_ONLY___ ══════════════════════════════
2023-06-14 18:25:52,632 INFO     ___FILE_ONLY___ ══════════════════════════════
2023-06-14 18:25:52,632 INFO     ___FILE_ONLY___ ╝

2023-06-14 18:25:52,642 INFO     ___FILE_ONLY___ ╔════════════════════════════════════════════════════════════╗

2023-06-14 18:25:52,642 INFO     ___FILE_ONLY___ ╠═ Installing: Default set of gcloud commands               ═╣

2023-06-14 18:25:52,642 INFO     ___FILE_ONLY___ ╚
2023-06-14 18:25:52,648 INFO     ___FILE_ONLY___ ════════════════════════════════════════════════════════════
2023-06-14 18:25:52,648 INFO     ___FILE_ONLY___ ╝

2023-06-14 18:25:52,650 INFO     ___FILE_ONLY___ ╔════════════════════════════════════════════════════════════╗

2023-06-14 18:25:52,650 INFO     ___FILE_ONLY___ ╠═ Installing: Google Cloud CLI Core Libraries (Platform... ═╣

2023-06-14 18:25:52,650 INFO     ___FILE_ONLY___ ╚
2023-06-14 18:25:52,652 DEBUG    urllib3.connectionpool Starting new HTTPS connection (1): dl.google.com:443
2023-06-14 18:25:53,007 DEBUG    urllib3.connectionpool https://dl.google.com:443 "GET /dl/cloudsdk/channels/rapid/components/google-cloud-sdk-core-nix-20220920185015.tar.gz HTTP/1.1" 200 2221
2023-06-14 18:25:53,008 INFO     ___FILE_ONLY___ ══════════════════════════════
2023-06-14 18:25:53,009 INFO     ___FILE_ONLY___ ═══════════════
2023-06-14 18:25:53,009 INFO     ___FILE_ONLY___ ═══════════════
2023-06-14 18:25:53,009 INFO     ___FILE_ONLY___ ╝

2023-06-14 18:25:53,019 INFO     ___FILE_ONLY___ ╔════════════════════════════════════════════════════════════╗

2023-06-14 18:25:53,019 INFO     ___FILE_ONLY___ ╠═ Installing: Google Cloud CRC32C Hash Tool                ═╣

2023-06-14 18:25:53,019 INFO     ___FILE_ONLY___ ╚
2023-06-14 18:25:53,024 INFO     ___FILE_ONLY___ ════════════════════════════════════════════════════════════
2023-06-14 18:25:53,025 INFO     ___FILE_ONLY___ ╝

2023-06-14 18:25:53,027 INFO     ___FILE_ONLY___ ╔════════════════════════════════════════════════════════════╗

2023-06-14 18:25:53,027 INFO     ___FILE_ONLY___ ╠═ Installing: Google Cloud CRC32C Hash Tool                ═╣

2023-06-14 18:25:53,027 INFO     ___FILE_ONLY___ ╚
2023-06-14 18:25:53,029 DEBUG    urllib3.connectionpool Starting new HTTPS connection (1): dl.google.com:443
2023-06-14 18:25:53,381 DEBUG    urllib3.connectionpool https://dl.google.com:443 "GET /dl/cloudsdk/channels/rapid/components/google-cloud-sdk-gcloud-crc32c-linux-x86_64-20230526134617.tar.gz HTTP/1.1" 200 1270213
2023-06-14 18:25:53,666 INFO     ___FILE_ONLY___ ═
2023-06-14 18:25:53,667 INFO     ___FILE_ONLY___ ═
2023-06-14 18:25:53,667 INFO     ___FILE_ONLY___ ═
2023-06-14 18:25:53,667 INFO     ___FILE_ONLY___ ═
2023-06-14 18:25:53,667 INFO     ___FILE_ONLY___ ═
2023-06-14 18:25:53,667 INFO     ___FILE_ONLY___ ═
2023-06-14 18:25:53,667 INFO     ___FILE_ONLY___ ═
2023-06-14 18:25:53,667 INFO     ___FILE_ONLY___ ═
2023-06-14 18:25:53,668 INFO     ___FILE_ONLY___ ═
2023-06-14 18:25:53,668 INFO     ___FILE_ONLY___ ═
2023-06-14 18:25:53,668 INFO     ___FILE_ONLY___ ═
2023-06-14 18:25:53,668 INFO     ___FILE_ONLY___ ═
2023-06-14 18:25:53,668 INFO     ___FILE_ONLY___ ═
2023-06-14 18:25:53,668 INFO     ___FILE_ONLY___ ═
2023-06-14 18:25:53,668 INFO     ___FILE_ONLY___ ═
2023-06-14 18:25:53,668 INFO     ___FILE_ONLY___ ═
2023-06-14 18:25:53,669 INFO     ___FILE_ONLY___ ═
2023-06-14 18:25:53,669 INFO     ___FILE_ONLY___ ═
2023-06-14 18:25:53,669 INFO     ___FILE_ONLY___ ═
2023-06-14 18:25:53,669 INFO     ___FILE_ONLY___ ═
2023-06-14 18:25:53,669 INFO     ___FILE_ONLY___ ═
2023-06-14 18:25:53,669 INFO     ___FILE_ONLY___ ═
2023-06-14 18:25:53,669 INFO     ___FILE_ONLY___ ═
2023-06-14 18:25:53,670 INFO     ___FILE_ONLY___ ═
2023-06-14 18:25:53,670 INFO     ___FILE_ONLY___ ═
2023-06-14 18:25:53,670 INFO     ___FILE_ONLY___ ═
2023-06-14 18:25:53,670 INFO     ___FILE_ONLY___ ═
2023-06-14 18:25:53,670 INFO     ___FILE_ONLY___ ═
2023-06-14 18:25:53,670 INFO     ___FILE_ONLY___ ═
2023-06-14 18:25:53,670 INFO     ___FILE_ONLY___ ═
2023-06-14 18:25:53,707 INFO     ___FILE_ONLY___ ═══════════════
2023-06-14 18:25:53,707 INFO     ___FILE_ONLY___ ═══════════════
2023-06-14 18:25:53,707 INFO     ___FILE_ONLY___ ╝

2023-06-14 18:25:53,717 INFO     ___FILE_ONLY___ ╔════════════════════════════════════════════════════════════╗

2023-06-14 18:25:53,717 INFO     ___FILE_ONLY___ ╠═ Installing: anthoscli                                    ═╣

2023-06-14 18:25:53,717 INFO     ___FILE_ONLY___ ╚
2023-06-14 18:25:53,723 INFO     ___FILE_ONLY___ ════════════════════════════════════════════════════════════
2023-06-14 18:25:53,723 INFO     ___FILE_ONLY___ ╝

2023-06-14 18:25:53,725 INFO     ___FILE_ONLY___ ╔════════════════════════════════════════════════════════════╗

2023-06-14 18:25:53,725 INFO     ___FILE_ONLY___ ╠═ Installing: anthoscli                                    ═╣

2023-06-14 18:25:53,725 INFO     ___FILE_ONLY___ ╚
2023-06-14 18:25:53,728 DEBUG    urllib3.connectionpool Starting new HTTPS connection (1): dl.google.com:443
2023-06-14 18:25:54,078 DEBUG    urllib3.connectionpool https://dl.google.com:443 "GET /dl/cloudsdk/channels/rapid/components/google-cloud-sdk-anthoscli-linux-x86_64-20230417163046.tar.gz HTTP/1.1" 200 71766688
2023-06-14 18:25:55,568 INFO     ___FILE_ONLY___ ═
2023-06-14 18:25:55,572 INFO     ___FILE_ONLY___ ═
2023-06-14 18:25:55,575 INFO     ___FILE_ONLY___ ═
2023-06-14 18:25:55,578 INFO     ___FILE_ONLY___ ═
2023-06-14 18:25:55,581 INFO     ___FILE_ONLY___ ═
2023-06-14 18:25:55,584 INFO     ___FILE_ONLY___ ═
2023-06-14 18:25:55,587 INFO     ___FILE_ONLY___ ═
2023-06-14 18:25:55,591 INFO     ___FILE_ONLY___ ═
2023-06-14 18:25:55,594 INFO     ___FILE_ONLY___ ═
2023-06-14 18:25:55,597 INFO     ___FILE_ONLY___ ═
2023-06-14 18:25:55,600 INFO     ___FILE_ONLY___ ═
2023-06-14 18:25:55,603 INFO     ___FILE_ONLY___ ═
2023-06-14 18:25:55,606 INFO     ___FILE_ONLY___ ═
2023-06-14 18:25:55,609 INFO     ___FILE_ONLY___ ═
2023-06-14 18:25:55,613 INFO     ___FILE_ONLY___ ═
2023-06-14 18:25:55,616 INFO     ___FILE_ONLY___ ═
2023-06-14 18:25:55,619 INFO     ___FILE_ONLY___ ═
2023-06-14 18:25:55,622 INFO     ___FILE_ONLY___ ═
2023-06-14 18:25:55,625 INFO     ___FILE_ONLY___ ═
2023-06-14 18:25:55,628 INFO     ___FILE_ONLY___ ═
2023-06-14 18:25:55,631 INFO     ___FILE_ONLY___ ═
2023-06-14 18:25:55,635 INFO     ___FILE_ONLY___ ═
2023-06-14 18:25:55,638 INFO     ___FILE_ONLY___ ═
2023-06-14 18:25:55,641 INFO     ___FILE_ONLY___ ═
2023-06-14 18:25:55,644 INFO     ___FILE_ONLY___ ═
2023-06-14 18:25:55,647 INFO     ___FILE_ONLY___ ═
2023-06-14 18:25:55,650 INFO     ___FILE_ONLY___ ═
2023-06-14 18:25:55,653 INFO     ___FILE_ONLY___ ═
2023-06-14 18:25:55,657 INFO     ___FILE_ONLY___ ═
2023-06-14 18:25:55,660 INFO     ___FILE_ONLY___ ═
2023-06-14 18:25:57,991 INFO     ___FILE_ONLY___ ══════════
2023-06-14 18:25:57,997 INFO     ___FILE_ONLY___ ═════════
2023-06-14 18:25:58,026 INFO     ___FILE_ONLY___ ═══════════
2023-06-14 18:25:58,026 INFO     ___FILE_ONLY___ ╝

2023-06-14 18:25:58,094 INFO     ___FILE_ONLY___ ╔════════════════════════════════════════════════════════════╗

2023-06-14 18:25:58,094 INFO     ___FILE_ONLY___ ╠═ Installing: gcloud cli dependencies                      ═╣

2023-06-14 18:25:58,094 INFO     ___FILE_ONLY___ ╚
2023-06-14 18:25:58,097 DEBUG    urllib3.connectionpool Starting new HTTPS connection (1): dl.google.com:443
2023-06-14 18:25:58,441 DEBUG    urllib3.connectionpool https://dl.google.com:443 "GET /dl/cloudsdk/channels/rapid/components/google-cloud-sdk-gcloud-deps-linux-x86_64-20210416153011.tar.gz HTTP/1.1" 200 104
2023-06-14 18:25:58,442 INFO     ___FILE_ONLY___ ══════════════════════════════
2023-06-14 18:25:58,443 INFO     ___FILE_ONLY___ ══════════════════════════════
2023-06-14 18:25:58,443 INFO     ___FILE_ONLY___ ╝

2023-06-14 18:25:58,452 INFO     ___FILE_ONLY___ ╔════════════════════════════════════════════════════════════╗

2023-06-14 18:25:58,452 INFO     ___FILE_ONLY___ ╠═ Creating backup and activating new installation          ═╣

2023-06-14 18:25:58,453 INFO     ___FILE_ONLY___ ╚
2023-06-14 18:25:58,453 DEBUG    root            Attempting to move directory [/tools/google-cloud-sdk] to [/tools/google-cloud-sdk.staging/.install/.backup]
2023-06-14 18:25:58,453 INFO     ___FILE_ONLY___ ══════════════════════════════
2023-06-14 18:25:58,453 DEBUG    root            Attempting to move directory [/tools/google-cloud-sdk.staging] to [/tools/google-cloud-sdk]
2023-06-14 18:25:58,453 INFO     ___FILE_ONLY___ ══════════════════════════════
2023-06-14 18:25:58,453 INFO     ___FILE_ONLY___ ╝

2023-06-14 18:25:58,458 DEBUG    root            Updating notification cache...
2023-06-14 18:25:58,458 INFO     ___FILE_ONLY___ 

2023-06-14 18:25:58,460 INFO     ___FILE_ONLY___ Performing post processing steps...
2023-06-14 18:25:58,461 DEBUG    root            Executing command: ['python3', '-S', '/tools/google-cloud-sdk/lib/gcloud.py', 'components', 'post-process']
2023-06-14 18:26:25,874 DEBUG    ___FILE_ONLY___ 
2023-06-14 18:26:25,875 DEBUG    ___FILE_ONLY___ 
2023-06-14 18:26:26,003 INFO     ___FILE_ONLY___ 
Update done!


2023-06-14 18:26:26,007 DEBUG    root            Chosen display Format:none
2023-06-14 18:26:26,008 INFO     root            Display format: "none"
