2023-06-14 18:26:26,835 DEBUG    root            Loaded Command Group: ['gcloud', 'components']
2023-06-14 18:26:26,838 DEBUG    root            Loaded Command Group: ['gcloud', 'components', 'update']
2023-06-14 18:26:26,842 DEBUG    root            Running [gcloud.components.update] with arguments: [--quiet: "True", COMPONENT-IDS:8: "['gcloud', 'core', 'bq', 'gsutil', 'compute', 'preview', 'alpha', 'beta']"]
2023-06-14 18:26:26,843 INFO     ___FILE_ONLY___ Beginning update. This process may take several minutes.

2023-06-14 18:26:26,847 DEBUG    urllib3.connectionpool Starting new HTTPS connection (1): dl.google.com:443
2023-06-14 18:26:26,923 DEBUG    urllib3.connectionpool https://dl.google.com:443 "GET /dl/cloudsdk/channels/rapid/components-2.json HTTP/1.1" 200 208275
2023-06-14 18:26:26,946 WARNING  root            Component [preview] no longer exists.
2023-06-14 18:26:26,947 WARNING  root            Component [compute] no longer exists.
2023-06-14 18:26:26,948 INFO     ___FILE_ONLY___ 

2023-06-14 18:26:26,948 INFO     ___FILE_ONLY___ 
Your current Google Cloud CLI version is: 435.0.0

2023-06-14 18:26:26,949 INFO     ___FILE_ONLY___ Installing components from version: 435.0.0

2023-06-14 18:26:26,949 INFO     ___FILE_ONLY___ 

2023-06-14 18:26:26,949 DEBUG    root            Chosen display Format:table[box,title="These components will be removed."](details.display_name:label=Name:align=left,version.version_string:label=Version:align=right,data.size.size(zero="",min=1048576):label=Size:align=right)
2023-06-14 18:26:26,950 DEBUG    root            Chosen display Format:table[box,title="These components will be updated."](details.display_name:label=Name:align=left,version.version_string:label=Version:align=right,data.size.size(zero="",min=1048576):label=Size:align=right)
2023-06-14 18:26:26,951 DEBUG    root            Chosen display Format:table[box,title="These components will be installed."](details.display_name:label=Name:align=left,version.version_string:label=Version:align=right,data.size.size(zero="",min=1048576):label=Size:align=right)
2023-06-14 18:26:26,952 INFO     ___FILE_ONLY___ ┌──────────────────────────────────────────────┐
2023-06-14 18:26:26,953 INFO     ___FILE_ONLY___ 

2023-06-14 18:26:26,953 INFO     ___FILE_ONLY___ │     These components will be installed.      │
2023-06-14 18:26:26,953 INFO     ___FILE_ONLY___ 

2023-06-14 18:26:26,953 INFO     ___FILE_ONLY___ ├───────────────────────┬────────────┬─────────┤
2023-06-14 18:26:26,953 INFO     ___FILE_ONLY___ 

2023-06-14 18:26:26,953 INFO     ___FILE_ONLY___ │          Name         │  Version   │   Size  │
2023-06-14 18:26:26,953 INFO     ___FILE_ONLY___ 

2023-06-14 18:26:26,953 INFO     ___FILE_ONLY___ ├───────────────────────┼────────────┼─────────┤
2023-06-14 18:26:26,953 INFO     ___FILE_ONLY___ 

2023-06-14 18:26:26,953 INFO     ___FILE_ONLY___ │ 
2023-06-14 18:26:26,953 INFO     ___FILE_ONLY___ gcloud Alpha Commands
2023-06-14 18:26:26,953 INFO     ___FILE_ONLY___  
2023-06-14 18:26:26,954 INFO     ___FILE_ONLY___ │ 
2023-06-14 18:26:26,954 INFO     ___FILE_ONLY___ 2023.06.09
2023-06-14 18:26:26,954 INFO     ___FILE_ONLY___  
2023-06-14 18:26:26,954 INFO     ___FILE_ONLY___ │ 
2023-06-14 18:26:26,954 INFO     ___FILE_ONLY___ < 1 MiB
2023-06-14 18:26:26,954 INFO     ___FILE_ONLY___  
2023-06-14 18:26:26,954 INFO     ___FILE_ONLY___ │
2023-06-14 18:26:26,954 INFO     ___FILE_ONLY___ 

2023-06-14 18:26:26,954 INFO     ___FILE_ONLY___ │ 
2023-06-14 18:26:26,954 INFO     ___FILE_ONLY___ gcloud Beta Commands 
2023-06-14 18:26:26,954 INFO     ___FILE_ONLY___  
2023-06-14 18:26:26,954 INFO     ___FILE_ONLY___ │ 
2023-06-14 18:26:26,954 INFO     ___FILE_ONLY___ 2023.06.09
2023-06-14 18:26:26,955 INFO     ___FILE_ONLY___  
2023-06-14 18:26:26,955 INFO     ___FILE_ONLY___ │ 
2023-06-14 18:26:26,955 INFO     ___FILE_ONLY___ < 1 MiB
2023-06-14 18:26:26,955 INFO     ___FILE_ONLY___  
2023-06-14 18:26:26,955 INFO     ___FILE_ONLY___ │
2023-06-14 18:26:26,955 INFO     ___FILE_ONLY___ 

2023-06-14 18:26:26,955 INFO     ___FILE_ONLY___ └───────────────────────┴────────────┴─────────┘
2023-06-14 18:26:26,955 INFO     ___FILE_ONLY___ 

2023-06-14 18:26:26,955 INFO     ___FILE_ONLY___ 

2023-06-14 18:26:26,958 DEBUG    urllib3.connectionpool Starting new HTTPS connection (1): dl.google.com:443
2023-06-14 18:26:27,308 DEBUG    urllib3.connectionpool https://dl.google.com:443 "GET /dl/cloudsdk/channels/rapid/RELEASE_NOTES HTTP/1.1" 200 1016451
2023-06-14 18:26:27,629 INFO     ___FILE_ONLY___ For the latest full release notes, please visit:
  https://cloud.google.com/sdk/release_notes


2023-06-14 18:26:27,631 INFO     ___FILE_ONLY___ ╔════════════════════════════════════════════════════════════╗

2023-06-14 18:26:27,632 INFO     ___FILE_ONLY___ ╠═ Creating update staging area                             ═╣

2023-06-14 18:26:27,632 INFO     ___FILE_ONLY___ ╚
2023-06-14 18:26:27,632 INFO     ___FILE_ONLY___ ══════
2023-06-14 18:26:28,337 INFO     ___FILE_ONLY___ ══════
2023-06-14 18:26:28,337 INFO     ___FILE_ONLY___ ══════
2023-06-14 18:26:28,984 INFO     ___FILE_ONLY___ ═
2023-06-14 18:26:29,102 INFO     ___FILE_ONLY___ ═
2023-06-14 18:26:29,233 INFO     ___FILE_ONLY___ ═
2023-06-14 18:26:29,349 INFO     ___FILE_ONLY___ ═
2023-06-14 18:26:29,486 INFO     ___FILE_ONLY___ ═
2023-06-14 18:26:29,572 INFO     ___FILE_ONLY___ ═
2023-06-14 18:26:29,658 INFO     ___FILE_ONLY___ ═
2023-06-14 18:26:29,776 INFO     ___FILE_ONLY___ ═
2023-06-14 18:26:29,888 INFO     ___FILE_ONLY___ ═
2023-06-14 18:26:29,979 INFO     ___FILE_ONLY___ ═
2023-06-14 18:26:30,055 INFO     ___FILE_ONLY___ ═
2023-06-14 18:26:30,178 INFO     ___FILE_ONLY___ ═
2023-06-14 18:26:30,281 INFO     ___FILE_ONLY___ ═
2023-06-14 18:26:30,340 INFO     ___FILE_ONLY___ ═
2023-06-14 18:26:30,425 INFO     ___FILE_ONLY___ ═
2023-06-14 18:26:30,487 INFO     ___FILE_ONLY___ ═
2023-06-14 18:26:30,570 INFO     ___FILE_ONLY___ ═
2023-06-14 18:26:30,626 INFO     ___FILE_ONLY___ ═
2023-06-14 18:26:30,688 INFO     ___FILE_ONLY___ ═
2023-06-14 18:26:30,751 INFO     ___FILE_ONLY___ ═
2023-06-14 18:26:30,813 INFO     ___FILE_ONLY___ ═
2023-06-14 18:26:30,873 INFO     ___FILE_ONLY___ ═
2023-06-14 18:26:30,947 INFO     ___FILE_ONLY___ ═
2023-06-14 18:26:31,014 INFO     ___FILE_ONLY___ ═
2023-06-14 18:26:31,080 INFO     ___FILE_ONLY___ ═
2023-06-14 18:26:31,140 INFO     ___FILE_ONLY___ ═
2023-06-14 18:26:31,206 INFO     ___FILE_ONLY___ ═
2023-06-14 18:26:31,296 INFO     ___FILE_ONLY___ ═
2023-06-14 18:26:31,361 INFO     ___FILE_ONLY___ ═
2023-06-14 18:26:31,440 INFO     ___FILE_ONLY___ ═
2023-06-14 18:26:31,506 INFO     ___FILE_ONLY___ ═
2023-06-14 18:26:31,556 INFO     ___FILE_ONLY___ ═
2023-06-14 18:26:31,614 INFO     ___FILE_ONLY___ ═
2023-06-14 18:26:31,694 INFO     ___FILE_ONLY___ ═
2023-06-14 18:26:31,771 INFO     ___FILE_ONLY___ ═
2023-06-14 18:26:31,842 INFO     ___FILE_ONLY___ ═
2023-06-14 18:26:31,896 INFO     ___FILE_ONLY___ ═
2023-06-14 18:26:32,092 INFO     ___FILE_ONLY___ ═
2023-06-14 18:26:32,158 INFO     ___FILE_ONLY___ ═
2023-06-14 18:26:32,240 INFO     ___FILE_ONLY___ ═
2023-06-14 18:26:32,327 INFO     ___FILE_ONLY___ ═
2023-06-14 18:26:32,396 INFO     ___FILE_ONLY___ ═
2023-06-14 18:26:32,396 INFO     ___FILE_ONLY___ ╝

2023-06-14 18:26:35,306 INFO     ___FILE_ONLY___ ╔════════════════════════════════════════════════════════════╗

2023-06-14 18:26:35,306 INFO     ___FILE_ONLY___ ╠═ Installing: gcloud Alpha Commands                        ═╣

2023-06-14 18:26:35,306 INFO     ___FILE_ONLY___ ╚
2023-06-14 18:26:35,309 DEBUG    urllib3.connectionpool Starting new HTTPS connection (1): dl.google.com:443
2023-06-14 18:26:35,654 DEBUG    urllib3.connectionpool https://dl.google.com:443 "GET /dl/cloudsdk/channels/rapid/components/google-cloud-sdk-alpha-20230609142206.tar.gz HTTP/1.1" 200 800
2023-06-14 18:26:35,655 INFO     ___FILE_ONLY___ ══════════════════════════════
2023-06-14 18:26:35,657 INFO     ___FILE_ONLY___ ══════════════════════════════
2023-06-14 18:26:35,657 INFO     ___FILE_ONLY___ ╝

2023-06-14 18:26:35,665 INFO     ___FILE_ONLY___ ╔════════════════════════════════════════════════════════════╗

2023-06-14 18:26:35,665 INFO     ___FILE_ONLY___ ╠═ Installing: gcloud Beta Commands                         ═╣

2023-06-14 18:26:35,666 INFO     ___FILE_ONLY___ ╚
2023-06-14 18:26:35,668 DEBUG    urllib3.connectionpool Starting new HTTPS connection (1): dl.google.com:443
2023-06-14 18:26:35,738 DEBUG    urllib3.connectionpool https://dl.google.com:443 "GET /dl/cloudsdk/channels/rapid/components/google-cloud-sdk-beta-20230609142206.tar.gz HTTP/1.1" 200 797
2023-06-14 18:26:35,739 INFO     ___FILE_ONLY___ ══════════════════════════════
2023-06-14 18:26:35,740 INFO     ___FILE_ONLY___ ══════════════════════════════
2023-06-14 18:26:35,740 INFO     ___FILE_ONLY___ ╝

2023-06-14 18:26:35,749 INFO     ___FILE_ONLY___ ╔════════════════════════════════════════════════════════════╗

2023-06-14 18:26:35,749 INFO     ___FILE_ONLY___ ╠═ Creating backup and activating new installation          ═╣

2023-06-14 18:26:35,749 INFO     ___FILE_ONLY___ ╚
2023-06-14 18:26:35,750 DEBUG    root            Attempting to move directory [/tools/google-cloud-sdk] to [/tools/google-cloud-sdk.staging/.install/.backup]
2023-06-14 18:26:35,750 INFO     ___FILE_ONLY___ ══════════════════════════════
2023-06-14 18:26:35,750 DEBUG    root            Attempting to move directory [/tools/google-cloud-sdk.staging] to [/tools/google-cloud-sdk]
2023-06-14 18:26:35,750 INFO     ___FILE_ONLY___ ══════════════════════════════
2023-06-14 18:26:35,750 INFO     ___FILE_ONLY___ ╝

2023-06-14 18:26:35,755 DEBUG    root            Updating notification cache...
2023-06-14 18:26:35,755 INFO     ___FILE_ONLY___ 

2023-06-14 18:26:35,757 INFO     ___FILE_ONLY___ Performing post processing steps...
2023-06-14 18:26:35,758 DEBUG    root            Executing command: ['python3', '-S', '/tools/google-cloud-sdk/lib/gcloud.py', 'components', 'post-process']
2023-06-14 18:27:04,166 DEBUG    ___FILE_ONLY___ 
2023-06-14 18:27:04,167 DEBUG    ___FILE_ONLY___ 
2023-06-14 18:27:04,302 INFO     ___FILE_ONLY___ 
Update done!


2023-06-14 18:27:04,306 DEBUG    root            Chosen display Format:none
2023-06-14 18:27:04,306 INFO     root            Display format: "none"
